0 info it worked if it ends with ok
1 verbose cli [ '/usr/bin/node', '/usr/bin/npm', 'install' ]
2 info using npm@1.4.28
3 info using node@v0.10.33
4 verbose node symlink /usr/bin/node
5 verbose readDependencies using package.json deps
6 verbose install where, deps [ '/home/homeuser/JobRecommendation',
6 verbose install   [ 'body-parser',
6 verbose install     'cookie-parser',
6 verbose install     'debug',
6 verbose install     'ejs',
6 verbose install     'express',
6 verbose install     'mongoose',
6 verbose install     'morgan',
6 verbose install     'serve-favicon' ] ]
7 info preinstall JobRecommendation@0.1.0
8 verbose readDependencies using package.json deps
9 verbose cache add [ 'body-parser@~1.9.2', null ]
10 verbose cache add name=undefined spec="body-parser@~1.9.2" args=["body-parser@~1.9.2",null]
11 verbose parsed url { protocol: null,
11 verbose parsed url   slashes: null,
11 verbose parsed url   auth: null,
11 verbose parsed url   host: null,
11 verbose parsed url   port: null,
11 verbose parsed url   hostname: null,
11 verbose parsed url   hash: null,
11 verbose parsed url   search: null,
11 verbose parsed url   query: null,
11 verbose parsed url   pathname: 'body-parser@~1.9.2',
11 verbose parsed url   path: 'body-parser@~1.9.2',
11 verbose parsed url   href: 'body-parser@~1.9.2' }
12 verbose cache add [ 'cookie-parser@~1.3.3', null ]
13 verbose cache add name=undefined spec="cookie-parser@~1.3.3" args=["cookie-parser@~1.3.3",null]
14 verbose parsed url { protocol: null,
14 verbose parsed url   slashes: null,
14 verbose parsed url   auth: null,
14 verbose parsed url   host: null,
14 verbose parsed url   port: null,
14 verbose parsed url   hostname: null,
14 verbose parsed url   hash: null,
14 verbose parsed url   search: null,
14 verbose parsed url   query: null,
14 verbose parsed url   pathname: 'cookie-parser@~1.3.3',
14 verbose parsed url   path: 'cookie-parser@~1.3.3',
14 verbose parsed url   href: 'cookie-parser@~1.3.3' }
15 verbose cache add [ 'debug@~2.0.0', null ]
16 verbose cache add name=undefined spec="debug@~2.0.0" args=["debug@~2.0.0",null]
17 verbose parsed url { protocol: null,
17 verbose parsed url   slashes: null,
17 verbose parsed url   auth: null,
17 verbose parsed url   host: null,
17 verbose parsed url   port: null,
17 verbose parsed url   hostname: null,
17 verbose parsed url   hash: null,
17 verbose parsed url   search: null,
17 verbose parsed url   query: null,
17 verbose parsed url   pathname: 'debug@~2.0.0',
17 verbose parsed url   path: 'debug@~2.0.0',
17 verbose parsed url   href: 'debug@~2.0.0' }
18 verbose cache add [ 'ejs@~0.8.5', null ]
19 verbose cache add name=undefined spec="ejs@~0.8.5" args=["ejs@~0.8.5",null]
20 verbose parsed url { protocol: null,
20 verbose parsed url   slashes: null,
20 verbose parsed url   auth: null,
20 verbose parsed url   host: null,
20 verbose parsed url   port: null,
20 verbose parsed url   hostname: null,
20 verbose parsed url   hash: null,
20 verbose parsed url   search: null,
20 verbose parsed url   query: null,
20 verbose parsed url   pathname: 'ejs@~0.8.5',
20 verbose parsed url   path: 'ejs@~0.8.5',
20 verbose parsed url   href: 'ejs@~0.8.5' }
21 verbose cache add [ 'express@4.0.1', null ]
22 verbose cache add name=undefined spec="express@4.0.1" args=["express@4.0.1",null]
23 verbose parsed url { protocol: null,
23 verbose parsed url   slashes: null,
23 verbose parsed url   auth: null,
23 verbose parsed url   host: null,
23 verbose parsed url   port: null,
23 verbose parsed url   hostname: null,
23 verbose parsed url   hash: null,
23 verbose parsed url   search: null,
23 verbose parsed url   query: null,
23 verbose parsed url   pathname: 'express@4.0.1',
23 verbose parsed url   path: 'express@4.0.1',
23 verbose parsed url   href: 'express@4.0.1' }
24 verbose cache add name="body-parser" spec="~1.9.2" args=["body-parser","~1.9.2"]
25 verbose parsed url { protocol: null,
25 verbose parsed url   slashes: null,
25 verbose parsed url   auth: null,
25 verbose parsed url   host: null,
25 verbose parsed url   port: null,
25 verbose parsed url   hostname: null,
25 verbose parsed url   hash: null,
25 verbose parsed url   search: null,
25 verbose parsed url   query: null,
25 verbose parsed url   pathname: '~1.9.2',
25 verbose parsed url   path: '~1.9.2',
25 verbose parsed url   href: '~1.9.2' }
26 verbose addNamed [ 'body-parser', '~1.9.2' ]
27 verbose addNamed [ null, '>=1.9.2-0 <1.10.0-0' ]
28 verbose cache add name="cookie-parser" spec="~1.3.3" args=["cookie-parser","~1.3.3"]
29 verbose parsed url { protocol: null,
29 verbose parsed url   slashes: null,
29 verbose parsed url   auth: null,
29 verbose parsed url   host: null,
29 verbose parsed url   port: null,
29 verbose parsed url   hostname: null,
29 verbose parsed url   hash: null,
29 verbose parsed url   search: null,
29 verbose parsed url   query: null,
29 verbose parsed url   pathname: '~1.3.3',
29 verbose parsed url   path: '~1.3.3',
29 verbose parsed url   href: '~1.3.3' }
30 verbose addNamed [ 'cookie-parser', '~1.3.3' ]
31 verbose addNamed [ null, '>=1.3.3-0 <1.4.0-0' ]
32 verbose cache add name="debug" spec="~2.0.0" args=["debug","~2.0.0"]
33 verbose parsed url { protocol: null,
33 verbose parsed url   slashes: null,
33 verbose parsed url   auth: null,
33 verbose parsed url   host: null,
33 verbose parsed url   port: null,
33 verbose parsed url   hostname: null,
33 verbose parsed url   hash: null,
33 verbose parsed url   search: null,
33 verbose parsed url   query: null,
33 verbose parsed url   pathname: '~2.0.0',
33 verbose parsed url   path: '~2.0.0',
33 verbose parsed url   href: '~2.0.0' }
34 verbose addNamed [ 'debug', '~2.0.0' ]
35 verbose addNamed [ null, '>=2.0.0-0 <2.1.0-0' ]
36 verbose cache add name="ejs" spec="~0.8.5" args=["ejs","~0.8.5"]
37 verbose parsed url { protocol: null,
37 verbose parsed url   slashes: null,
37 verbose parsed url   auth: null,
37 verbose parsed url   host: null,
37 verbose parsed url   port: null,
37 verbose parsed url   hostname: null,
37 verbose parsed url   hash: null,
37 verbose parsed url   search: null,
37 verbose parsed url   query: null,
37 verbose parsed url   pathname: '~0.8.5',
37 verbose parsed url   path: '~0.8.5',
37 verbose parsed url   href: '~0.8.5' }
38 verbose addNamed [ 'ejs', '~0.8.5' ]
39 verbose addNamed [ null, '>=0.8.5-0 <0.9.0-0' ]
40 verbose cache add [ 'mongoose@^3.8.18', null ]
41 verbose cache add name=undefined spec="mongoose@^3.8.18" args=["mongoose@^3.8.18",null]
42 verbose parsed url { protocol: null,
42 verbose parsed url   slashes: null,
42 verbose parsed url   auth: null,
42 verbose parsed url   host: null,
42 verbose parsed url   port: null,
42 verbose parsed url   hostname: null,
42 verbose parsed url   hash: null,
42 verbose parsed url   search: null,
42 verbose parsed url   query: null,
42 verbose parsed url   pathname: 'mongoose@^3.8.18',
42 verbose parsed url   path: 'mongoose@^3.8.18',
42 verbose parsed url   href: 'mongoose@^3.8.18' }
43 verbose cache add [ 'morgan@~1.3.0', null ]
44 verbose cache add name=undefined spec="morgan@~1.3.0" args=["morgan@~1.3.0",null]
45 verbose parsed url { protocol: null,
45 verbose parsed url   slashes: null,
45 verbose parsed url   auth: null,
45 verbose parsed url   host: null,
45 verbose parsed url   port: null,
45 verbose parsed url   hostname: null,
45 verbose parsed url   hash: null,
45 verbose parsed url   search: null,
45 verbose parsed url   query: null,
45 verbose parsed url   pathname: 'morgan@~1.3.0',
45 verbose parsed url   path: 'morgan@~1.3.0',
45 verbose parsed url   href: 'morgan@~1.3.0' }
46 verbose cache add [ 'serve-favicon@~2.1.3', null ]
47 verbose cache add name=undefined spec="serve-favicon@~2.1.3" args=["serve-favicon@~2.1.3",null]
48 verbose parsed url { protocol: null,
48 verbose parsed url   slashes: null,
48 verbose parsed url   auth: null,
48 verbose parsed url   host: null,
48 verbose parsed url   port: null,
48 verbose parsed url   hostname: null,
48 verbose parsed url   hash: null,
48 verbose parsed url   search: null,
48 verbose parsed url   query: null,
48 verbose parsed url   pathname: 'serve-favicon@~2.1.3',
48 verbose parsed url   path: 'serve-favicon@~2.1.3',
48 verbose parsed url   href: 'serve-favicon@~2.1.3' }
49 verbose cache add name="express" spec="4.0.1" args=["express","4.0.1"]
50 verbose parsed url { protocol: null,
50 verbose parsed url   slashes: null,
50 verbose parsed url   auth: null,
50 verbose parsed url   host: null,
50 verbose parsed url   port: null,
50 verbose parsed url   hostname: null,
50 verbose parsed url   hash: null,
50 verbose parsed url   search: null,
50 verbose parsed url   query: null,
50 verbose parsed url   pathname: '4.0.1',
50 verbose parsed url   path: '4.0.1',
50 verbose parsed url   href: '4.0.1' }
51 verbose addNamed [ 'express', '4.0.1' ]
52 verbose addNamed [ '4.0.1', '4.0.1' ]
53 silly lockFile 5d9e37bd-body-parser-1-9-2 body-parser@~1.9.2
54 verbose lock body-parser@~1.9.2 /home/homeuser/.npm/5d9e37bd-body-parser-1-9-2.lock
55 silly lockFile bf5babd8-cookie-parser-1-3-3 cookie-parser@~1.3.3
56 verbose lock cookie-parser@~1.3.3 /home/homeuser/.npm/bf5babd8-cookie-parser-1-3-3.lock
57 silly lockFile 12b6356d-debug-2-0-0 debug@~2.0.0
58 verbose lock debug@~2.0.0 /home/homeuser/.npm/12b6356d-debug-2-0-0.lock
59 silly lockFile 05610aaa-ejs-0-8-5 ejs@~0.8.5
60 verbose lock ejs@~0.8.5 /home/homeuser/.npm/05610aaa-ejs-0-8-5.lock
61 silly lockFile d023ae9a-express-4-0-1 express@4.0.1
62 verbose lock express@4.0.1 /home/homeuser/.npm/d023ae9a-express-4-0-1.lock
63 verbose cache add name="mongoose" spec="^3.8.18" args=["mongoose","^3.8.18"]
64 verbose parsed url { protocol: null,
64 verbose parsed url   slashes: null,
64 verbose parsed url   auth: null,
64 verbose parsed url   host: null,
64 verbose parsed url   port: null,
64 verbose parsed url   hostname: null,
64 verbose parsed url   hash: null,
64 verbose parsed url   search: null,
64 verbose parsed url   query: null,
64 verbose parsed url   pathname: '^3.8.18',
64 verbose parsed url   path: '^3.8.18',
64 verbose parsed url   href: '^3.8.18' }
65 verbose addNamed [ 'mongoose', '^3.8.18' ]
66 verbose addNamed [ null, '>=3.8.18-0 <4.0.0-0' ]
67 silly lockFile a22a5dcf-mongoose-3-8-18 mongoose@^3.8.18
68 verbose lock mongoose@^3.8.18 /home/homeuser/.npm/a22a5dcf-mongoose-3-8-18.lock
69 verbose cache add name="morgan" spec="~1.3.0" args=["morgan","~1.3.0"]
70 verbose parsed url { protocol: null,
70 verbose parsed url   slashes: null,
70 verbose parsed url   auth: null,
70 verbose parsed url   host: null,
70 verbose parsed url   port: null,
70 verbose parsed url   hostname: null,
70 verbose parsed url   hash: null,
70 verbose parsed url   search: null,
70 verbose parsed url   query: null,
70 verbose parsed url   pathname: '~1.3.0',
70 verbose parsed url   path: '~1.3.0',
70 verbose parsed url   href: '~1.3.0' }
71 verbose addNamed [ 'morgan', '~1.3.0' ]
72 verbose addNamed [ null, '>=1.3.0-0 <1.4.0-0' ]
73 silly lockFile a4a9bdf4-morgan-1-3-0 morgan@~1.3.0
74 verbose lock morgan@~1.3.0 /home/homeuser/.npm/a4a9bdf4-morgan-1-3-0.lock
75 verbose cache add name="serve-favicon" spec="~2.1.3" args=["serve-favicon","~2.1.3"]
76 verbose parsed url { protocol: null,
76 verbose parsed url   slashes: null,
76 verbose parsed url   auth: null,
76 verbose parsed url   host: null,
76 verbose parsed url   port: null,
76 verbose parsed url   hostname: null,
76 verbose parsed url   hash: null,
76 verbose parsed url   search: null,
76 verbose parsed url   query: null,
76 verbose parsed url   pathname: '~2.1.3',
76 verbose parsed url   path: '~2.1.3',
76 verbose parsed url   href: '~2.1.3' }
77 verbose addNamed [ 'serve-favicon', '~2.1.3' ]
78 verbose addNamed [ null, '>=2.1.3-0 <2.2.0-0' ]
79 silly lockFile 38295489-serve-favicon-2-1-3 serve-favicon@~2.1.3
80 verbose lock serve-favicon@~2.1.3 /home/homeuser/.npm/38295489-serve-favicon-2-1-3.lock
81 silly addNameRange { name: 'body-parser',
81 silly addNameRange   range: '>=1.9.2-0 <1.10.0-0',
81 silly addNameRange   hasData: false }
82 silly addNameRange { name: 'cookie-parser',
82 silly addNameRange   range: '>=1.3.3-0 <1.4.0-0',
82 silly addNameRange   hasData: false }
83 silly addNameRange { name: 'ejs', range: '>=0.8.5-0 <0.9.0-0', hasData: false }
84 silly addNameRange { name: 'debug', range: '>=2.0.0-0 <2.1.0-0', hasData: false }
85 silly addNameRange { name: 'mongoose',
85 silly addNameRange   range: '>=3.8.18-0 <4.0.0-0',
85 silly addNameRange   hasData: false }
86 silly addNameRange { name: 'serve-favicon',
86 silly addNameRange   range: '>=2.1.3-0 <2.2.0-0',
86 silly addNameRange   hasData: false }
87 silly addNameRange { name: 'morgan', range: '>=1.3.0-0 <1.4.0-0', hasData: false }
88 verbose request where is /body-parser
89 verbose request registry https://registry.npmjs.org/
90 verbose request id a0ba131ab6dcf321
91 verbose url raw /body-parser
92 verbose url resolving [ 'https://registry.npmjs.org/', './body-parser' ]
93 verbose url resolved https://registry.npmjs.org/body-parser
94 verbose request where is https://registry.npmjs.org/body-parser
95 info trying registry request attempt 1 at 15:22:31
96 verbose etag "38OTRDFQWZ7DS6PTGQDS3W4LO"
97 http GET https://registry.npmjs.org/body-parser
98 verbose request where is /cookie-parser
99 verbose request registry https://registry.npmjs.org/
100 verbose url raw /cookie-parser
101 verbose url resolving [ 'https://registry.npmjs.org/', './cookie-parser' ]
102 verbose url resolved https://registry.npmjs.org/cookie-parser
103 verbose request where is https://registry.npmjs.org/cookie-parser
104 info trying registry request attempt 1 at 15:22:31
105 verbose etag "8RHCHHZDMD43ZCMD5UNJ8GNU3"
106 http GET https://registry.npmjs.org/cookie-parser
107 verbose request where is /ejs
108 verbose request registry https://registry.npmjs.org/
109 verbose url raw /ejs
110 verbose url resolving [ 'https://registry.npmjs.org/', './ejs' ]
111 verbose url resolved https://registry.npmjs.org/ejs
112 verbose request where is https://registry.npmjs.org/ejs
113 info trying registry request attempt 1 at 15:22:31
114 verbose etag "CP488FZ7NW2SSNSTIH4FSW827"
115 http GET https://registry.npmjs.org/ejs
116 verbose request where is /debug
117 verbose request registry https://registry.npmjs.org/
118 verbose url raw /debug
119 verbose url resolving [ 'https://registry.npmjs.org/', './debug' ]
120 verbose url resolved https://registry.npmjs.org/debug
121 verbose request where is https://registry.npmjs.org/debug
122 info trying registry request attempt 1 at 15:22:31
123 verbose etag "176ZGYXVDNVI8540T07G06RXT"
124 http GET https://registry.npmjs.org/debug
125 verbose request where is /serve-favicon
126 verbose request registry https://registry.npmjs.org/
127 verbose url raw /serve-favicon
128 verbose url resolving [ 'https://registry.npmjs.org/', './serve-favicon' ]
129 verbose url resolved https://registry.npmjs.org/serve-favicon
130 verbose request where is https://registry.npmjs.org/serve-favicon
131 info trying registry request attempt 1 at 15:22:31
132 verbose etag "EIEC7IL0VFE32KZZQS4PAX10Q"
133 http GET https://registry.npmjs.org/serve-favicon
134 verbose request where is /morgan
135 verbose request registry https://registry.npmjs.org/
136 verbose url raw /morgan
137 verbose url resolving [ 'https://registry.npmjs.org/', './morgan' ]
138 verbose url resolved https://registry.npmjs.org/morgan
139 verbose request where is https://registry.npmjs.org/morgan
140 info trying registry request attempt 1 at 15:22:31
141 verbose etag "ADAF6VRN7MQ767QJ04T5H428T"
142 http GET https://registry.npmjs.org/morgan
143 verbose request where is /mongoose
144 verbose request registry https://registry.npmjs.org/
145 verbose url raw /mongoose
146 verbose url resolving [ 'https://registry.npmjs.org/', './mongoose' ]
147 verbose url resolved https://registry.npmjs.org/mongoose
148 verbose request where is https://registry.npmjs.org/mongoose
149 info trying registry request attempt 1 at 15:22:32
150 verbose etag "5XK84DASU6MNLEKC9KWUBJJTE"
151 http GET https://registry.npmjs.org/mongoose
152 verbose request where is /express
153 verbose request registry https://registry.npmjs.org/
154 verbose url raw /express
155 verbose url resolving [ 'https://registry.npmjs.org/', './express' ]
156 verbose url resolved https://registry.npmjs.org/express
157 verbose request where is https://registry.npmjs.org/express
158 info trying registry request attempt 1 at 15:22:32
159 verbose etag "BWLT5FPS8XYFANZI664ZMABRZ"
160 http GET https://registry.npmjs.org/express
161 http 304 https://registry.npmjs.org/ejs
162 silly registry.get cb [ 304,
162 silly registry.get   { date: 'Tue, 13 Jan 2015 23:22:32 GMT',
162 silly registry.get     server: 'Apache',
162 silly registry.get     via: '1.1 varnish',
162 silly registry.get     'last-modified': 'Tue, 13 Jan 2015 23:22:26 GMT',
162 silly registry.get     'cache-control': 'max-age=60',
162 silly registry.get     etag: '"CP488FZ7NW2SSNSTIH4FSW827"',
162 silly registry.get     age: '23',
162 silly registry.get     'x-served-by': 'cache-sjc3126-SJC',
162 silly registry.get     'x-cache': 'HIT',
162 silly registry.get     'x-cache-hits': '2',
162 silly registry.get     'x-timer': 'S1421191352.104580,VS0,VE0',
162 silly registry.get     vary: 'Accept',
162 silly registry.get     'content-length': '0',
162 silly registry.get     'keep-alive': 'timeout=10, max=50',
162 silly registry.get     connection: 'Keep-Alive' } ]
163 verbose etag https://registry.npmjs.org/ejs from cache
164 http 304 https://registry.npmjs.org/debug
165 silly registry.get cb [ 304,
165 silly registry.get   { date: 'Tue, 13 Jan 2015 23:22:32 GMT',
165 silly registry.get     server: 'Apache',
165 silly registry.get     via: '1.1 varnish',
165 silly registry.get     'last-modified': 'Tue, 13 Jan 2015 23:22:32 GMT',
165 silly registry.get     'cache-control': 'max-age=60',
165 silly registry.get     etag: '"176ZGYXVDNVI8540T07G06RXT"',
165 silly registry.get     age: '39',
165 silly registry.get     'x-served-by': 'cache-sjc3129-SJC',
165 silly registry.get     'x-cache': 'HIT',
165 silly registry.get     'x-cache-hits': '1',
165 silly registry.get     'x-timer': 'S1421191352.106283,VS0,VE0',
165 silly registry.get     vary: 'Accept',
165 silly registry.get     'content-length': '0',
165 silly registry.get     'keep-alive': 'timeout=10, max=50',
165 silly registry.get     connection: 'Keep-Alive' } ]
166 verbose etag https://registry.npmjs.org/debug from cache
167 http 304 https://registry.npmjs.org/cookie-parser
168 silly registry.get cb [ 304,
168 silly registry.get   { date: 'Tue, 13 Jan 2015 23:22:32 GMT',
168 silly registry.get     server: 'Apache',
168 silly registry.get     via: '1.1 varnish',
168 silly registry.get     'last-modified': 'Tue, 13 Jan 2015 23:21:21 GMT',
168 silly registry.get     'cache-control': 'max-age=60',
168 silly registry.get     etag: '"8RHCHHZDMD43ZCMD5UNJ8GNU3"',
168 silly registry.get     age: '10',
168 silly registry.get     'x-served-by': 'cache-lax1423-LAX',
168 silly registry.get     'x-cache': 'HIT',
168 silly registry.get     'x-cache-hits': '20',
168 silly registry.get     'x-timer': 'S1421191352.107812,VS0,VE0',
168 silly registry.get     vary: 'Accept',
168 silly registry.get     'content-length': '0',
168 silly registry.get     'keep-alive': 'timeout=10, max=50',
168 silly registry.get     connection: 'Keep-Alive' } ]
169 verbose etag https://registry.npmjs.org/cookie-parser from cache
170 http 304 https://registry.npmjs.org/body-parser
171 silly registry.get cb [ 304,
171 silly registry.get   { date: 'Tue, 13 Jan 2015 23:22:32 GMT',
171 silly registry.get     server: 'Apache',
171 silly registry.get     via: '1.1 varnish',
171 silly registry.get     'last-modified': 'Tue, 13 Jan 2015 23:22:07 GMT',
171 silly registry.get     'cache-control': 'max-age=60',
171 silly registry.get     etag: '"38OTRDFQWZ7DS6PTGQDS3W4LO"',
171 silly registry.get     age: '47',
171 silly registry.get     'x-served-by': 'cache-lax1427-LAX',
171 silly registry.get     'x-cache': 'HIT',
171 silly registry.get     'x-cache-hits': '3',
171 silly registry.get     'x-timer': 'S1421191352.105805,VS0,VE0',
171 silly registry.get     vary: 'Accept',
171 silly registry.get     'content-length': '0',
171 silly registry.get     'keep-alive': 'timeout=10, max=50',
171 silly registry.get     connection: 'Keep-Alive' } ]
172 verbose etag https://registry.npmjs.org/body-parser from cache
173 http 304 https://registry.npmjs.org/morgan
174 silly registry.get cb [ 304,
174 silly registry.get   { date: 'Tue, 13 Jan 2015 23:22:32 GMT',
174 silly registry.get     server: 'Apache',
174 silly registry.get     via: '1.1 varnish',
174 silly registry.get     'last-modified': 'Tue, 13 Jan 2015 23:22:27 GMT',
174 silly registry.get     'cache-control': 'max-age=60',
174 silly registry.get     etag: '"ADAF6VRN7MQ767QJ04T5H428T"',
174 silly registry.get     age: '20',
174 silly registry.get     'x-served-by': 'cache-sjc3126-SJC',
174 silly registry.get     'x-cache': 'HIT',
174 silly registry.get     'x-cache-hits': '2',
174 silly registry.get     'x-timer': 'S1421191352.128072,VS0,VE0',
174 silly registry.get     vary: 'Accept',
174 silly registry.get     'content-length': '0',
174 silly registry.get     'keep-alive': 'timeout=10, max=49',
174 silly registry.get     connection: 'Keep-Alive' } ]
175 verbose etag https://registry.npmjs.org/morgan from cache
176 http 304 https://registry.npmjs.org/mongoose
177 silly registry.get cb [ 304,
177 silly registry.get   { date: 'Tue, 13 Jan 2015 23:22:32 GMT',
177 silly registry.get     server: 'Apache',
177 silly registry.get     via: '1.1 varnish',
177 silly registry.get     'last-modified': 'Tue, 13 Jan 2015 23:22:32 GMT',
177 silly registry.get     'cache-control': 'max-age=60',
177 silly registry.get     etag: '"5XK84DASU6MNLEKC9KWUBJJTE"',
177 silly registry.get     age: '1',
177 silly registry.get     'x-served-by': 'cache-sjc3129-SJC',
177 silly registry.get     'x-cache': 'HIT',
177 silly registry.get     'x-cache-hits': '1',
177 silly registry.get     'x-timer': 'S1421191352.138808,VS0,VE1',
177 silly registry.get     vary: 'Accept',
177 silly registry.get     'content-length': '0',
177 silly registry.get     'keep-alive': 'timeout=10, max=49',
177 silly registry.get     connection: 'Keep-Alive' } ]
178 verbose etag https://registry.npmjs.org/mongoose from cache
179 silly addNameRange number 2 { name: 'ejs', range: '>=0.8.5-0 <0.9.0-0', hasData: true }
180 silly addNameRange versions [ 'ejs',
180 silly addNameRange   [ '0.0.1',
180 silly addNameRange     '0.0.2',
180 silly addNameRange     '0.0.3',
180 silly addNameRange     '0.0.4',
180 silly addNameRange     '0.1.0',
180 silly addNameRange     '0.2.0',
180 silly addNameRange     '0.2.1',
180 silly addNameRange     '0.3.0',
180 silly addNameRange     '0.3.1',
180 silly addNameRange     '0.4.0',
180 silly addNameRange     '0.4.1',
180 silly addNameRange     '0.4.2',
180 silly addNameRange     '0.4.3',
180 silly addNameRange     '0.5.0',
180 silly addNameRange     '0.6.0',
180 silly addNameRange     '0.6.1',
180 silly addNameRange     '0.7.0',
180 silly addNameRange     '0.7.1',
180 silly addNameRange     '0.7.2',
180 silly addNameRange     '0.8.0',
180 silly addNameRange     '0.8.1',
180 silly addNameRange     '0.8.2',
180 silly addNameRange     '0.8.3',
180 silly addNameRange     '0.8.4',
180 silly addNameRange     '0.8.5',
180 silly addNameRange     '0.8.6',
180 silly addNameRange     '0.8.8',
180 silly addNameRange     '1.0.0',
180 silly addNameRange     '2.0.2',
180 silly addNameRange     '2.0.3',
180 silly addNameRange     '2.0.4',
180 silly addNameRange     '2.0.5',
180 silly addNameRange     '2.0.6',
180 silly addNameRange     '2.0.7',
180 silly addNameRange     '2.0.8',
180 silly addNameRange     '2.1.1',
180 silly addNameRange     '2.1.2',
180 silly addNameRange     '2.1.3',
180 silly addNameRange     '2.1.4' ] ]
181 verbose addNamed [ 'ejs', '0.8.8' ]
182 verbose addNamed [ '0.8.8', '0.8.8' ]
183 silly lockFile 37d7c450-ejs-0-8-8 ejs@0.8.8
184 verbose lock ejs@0.8.8 /home/homeuser/.npm/37d7c450-ejs-0-8-8.lock
185 silly addNameRange number 2 { name: 'debug', range: '>=2.0.0-0 <2.1.0-0', hasData: true }
186 silly addNameRange versions [ 'debug',
186 silly addNameRange   [ '0.0.1',
186 silly addNameRange     '0.1.0',
186 silly addNameRange     '0.2.0',
186 silly addNameRange     '0.3.0',
186 silly addNameRange     '0.4.0',
186 silly addNameRange     '0.4.1',
186 silly addNameRange     '0.5.0',
186 silly addNameRange     '0.6.0',
186 silly addNameRange     '0.7.0',
186 silly addNameRange     '0.7.1',
186 silly addNameRange     '0.7.2',
186 silly addNameRange     '0.7.3',
186 silly addNameRange     '0.7.4',
186 silly addNameRange     '0.8.0',
186 silly addNameRange     '0.8.1',
186 silly addNameRange     '1.0.0',
186 silly addNameRange     '1.0.1',
186 silly addNameRange     '1.0.2',
186 silly addNameRange     '1.0.3',
186 silly addNameRange     '1.0.4',
186 silly addNameRange     '2.0.0',
186 silly addNameRange     '2.1.0',
186 silly addNameRange     '2.1.1' ] ]
187 verbose addNamed [ 'debug', '2.0.0' ]
188 verbose addNamed [ '2.0.0', '2.0.0' ]
189 silly lockFile 095bd820-debug-2-0-0 debug@2.0.0
190 verbose lock debug@2.0.0 /home/homeuser/.npm/095bd820-debug-2-0-0.lock
191 http 304 https://registry.npmjs.org/express
192 silly registry.get cb [ 304,
192 silly registry.get   { date: 'Tue, 13 Jan 2015 23:22:32 GMT',
192 silly registry.get     server: 'Apache',
192 silly registry.get     via: '1.1 varnish',
192 silly registry.get     'last-modified': 'Tue, 13 Jan 2015 23:22:32 GMT',
192 silly registry.get     'cache-control': 'max-age=60',
192 silly registry.get     etag: '"BWLT5FPS8XYFANZI664ZMABRZ"',
192 silly registry.get     age: '1',
192 silly registry.get     'x-served-by': 'cache-lax1423-LAX',
192 silly registry.get     'x-cache': 'HIT',
192 silly registry.get     'x-cache-hits': '1',
192 silly registry.get     'x-timer': 'S1421191352.145191,VS0,VE2',
192 silly registry.get     vary: 'Accept',
192 silly registry.get     'content-length': '0',
192 silly registry.get     'keep-alive': 'timeout=10, max=49',
192 silly registry.get     connection: 'Keep-Alive' } ]
193 verbose etag https://registry.npmjs.org/express from cache
194 http 304 https://registry.npmjs.org/serve-favicon
195 silly registry.get cb [ 304,
195 silly registry.get   { date: 'Tue, 13 Jan 2015 23:22:32 GMT',
195 silly registry.get     server: 'Apache',
195 silly registry.get     via: '1.1 varnish',
195 silly registry.get     'last-modified': 'Tue, 13 Jan 2015 23:22:27 GMT',
195 silly registry.get     'cache-control': 'max-age=60',
195 silly registry.get     etag: '"EIEC7IL0VFE32KZZQS4PAX10Q"',
195 silly registry.get     age: '43',
195 silly registry.get     'x-served-by': 'cache-lax1423-LAX',
195 silly registry.get     'x-cache': 'HIT',
195 silly registry.get     'x-cache-hits': '2',
195 silly registry.get     'x-timer': 'S1421191352.152351,VS0,VE0',
195 silly registry.get     vary: 'Accept',
195 silly registry.get     'content-length': '0',
195 silly registry.get     'keep-alive': 'timeout=10, max=50',
195 silly registry.get     connection: 'Keep-Alive' } ]
196 verbose etag https://registry.npmjs.org/serve-favicon from cache
197 silly addNameRange number 2 { name: 'cookie-parser',
197 silly addNameRange   range: '>=1.3.3-0 <1.4.0-0',
197 silly addNameRange   hasData: true }
198 silly addNameRange versions [ 'cookie-parser',
198 silly addNameRange   [ '1.0.0',
198 silly addNameRange     '1.0.1',
198 silly addNameRange     '1.1.0',
198 silly addNameRange     '1.2.0',
198 silly addNameRange     '1.3.0',
198 silly addNameRange     '1.3.1',
198 silly addNameRange     '1.3.2',
198 silly addNameRange     '1.3.3' ] ]
199 verbose addNamed [ 'cookie-parser', '1.3.3' ]
200 verbose addNamed [ '1.3.3', '1.3.3' ]
201 silly lockFile 68450bd4-cookie-parser-1-3-3 cookie-parser@1.3.3
202 verbose lock cookie-parser@1.3.3 /home/homeuser/.npm/68450bd4-cookie-parser-1-3-3.lock
203 silly addNameRange number 2 { name: 'body-parser',
203 silly addNameRange   range: '>=1.9.2-0 <1.10.0-0',
203 silly addNameRange   hasData: true }
204 silly addNameRange versions [ 'body-parser',
204 silly addNameRange   [ '1.0.0',
204 silly addNameRange     '1.0.1',
204 silly addNameRange     '1.0.2',
204 silly addNameRange     '1.1.0',
204 silly addNameRange     '1.1.1',
204 silly addNameRange     '1.1.2',
204 silly addNameRange     '1.2.0',
204 silly addNameRange     '1.2.1',
204 silly addNameRange     '1.2.2',
204 silly addNameRange     '1.3.0',
204 silly addNameRange     '1.3.1',
204 silly addNameRange     '1.4.0',
204 silly addNameRange     '1.4.1',
204 silly addNameRange     '1.4.2',
204 silly addNameRange     '1.4.3',
204 silly addNameRange     '1.5.0',
204 silly addNameRange     '1.5.1',
204 silly addNameRange     '1.5.2',
204 silly addNameRange     '1.6.0',
204 silly addNameRange     '1.6.1',
204 silly addNameRange     '1.6.2',
204 silly addNameRange     '1.6.3',
204 silly addNameRange     '1.6.4',
204 silly addNameRange     '1.6.5',
204 silly addNameRange     '1.6.6',
204 silly addNameRange     '1.6.7',
204 silly addNameRange     '1.7.0',
204 silly addNameRange     '1.8.0',
204 silly addNameRange     '1.8.1',
204 silly addNameRange     '1.8.2',
204 silly addNameRange     '1.8.3',
204 silly addNameRange     '1.8.4',
204 silly addNameRange     '1.9.0',
204 silly addNameRange     '1.9.1',
204 silly addNameRange     '1.9.2',
204 silly addNameRange     '1.9.3',
204 silly addNameRange     '1.10.0',
204 silly addNameRange     '1.10.1' ] ]
205 verbose addNamed [ 'body-parser', '1.9.3' ]
206 verbose addNamed [ '1.9.3', '1.9.3' ]
207 silly lockFile 96df7170-body-parser-1-9-3 body-parser@1.9.3
208 verbose lock body-parser@1.9.3 /home/homeuser/.npm/96df7170-body-parser-1-9-3.lock
209 silly addNameRange number 2 { name: 'morgan', range: '>=1.3.0-0 <1.4.0-0', hasData: true }
210 silly addNameRange versions [ 'morgan',
210 silly addNameRange   [ '1.0.0',
210 silly addNameRange     '1.0.1',
210 silly addNameRange     '1.1.0',
210 silly addNameRange     '1.1.1',
210 silly addNameRange     '1.2.0',
210 silly addNameRange     '1.2.1',
210 silly addNameRange     '1.2.2',
210 silly addNameRange     '1.2.3',
210 silly addNameRange     '1.3.0',
210 silly addNameRange     '1.3.1',
210 silly addNameRange     '1.3.2',
210 silly addNameRange     '1.4.0',
210 silly addNameRange     '1.4.1',
210 silly addNameRange     '1.5.0',
210 silly addNameRange     '1.5.1' ] ]
211 verbose addNamed [ 'morgan', '1.3.2' ]
212 verbose addNamed [ '1.3.2', '1.3.2' ]
213 silly lockFile 7e2b41c6-morgan-1-3-2 morgan@1.3.2
214 verbose lock morgan@1.3.2 /home/homeuser/.npm/7e2b41c6-morgan-1-3-2.lock
215 silly addNameRange number 2 { name: 'mongoose', range: '>=3.8.18-0 <4.0.0-0', hasData: true }
216 silly addNameRange versions [ 'mongoose',
216 silly addNameRange   [ '0.0.1',
216 silly addNameRange     '0.0.2',
216 silly addNameRange     '0.0.3',
216 silly addNameRange     '0.0.4',
216 silly addNameRange     '0.0.5',
216 silly addNameRange     '1.0.0',
216 silly addNameRange     '1.0.1',
216 silly addNameRange     '1.0.2',
216 silly addNameRange     '0.0.6',
216 silly addNameRange     '1.0.3',
216 silly addNameRange     '1.0.4',
216 silly addNameRange     '1.0.5',
216 silly addNameRange     '1.0.6',
216 silly addNameRange     '1.0.7',
216 silly addNameRange     '1.0.8',
216 silly addNameRange     '1.0.10',
216 silly addNameRange     '1.0.11',
216 silly addNameRange     '1.0.12',
216 silly addNameRange     '1.0.13',
216 silly addNameRange     '1.0.14',
216 silly addNameRange     '1.0.15',
216 silly addNameRange     '1.0.16',
216 silly addNameRange     '1.1.0',
216 silly addNameRange     '1.1.1',
216 silly addNameRange     '1.1.2',
216 silly addNameRange     '1.1.3',
216 silly addNameRange     '1.1.4',
216 silly addNameRange     '1.1.5',
216 silly addNameRange     '1.1.6',
216 silly addNameRange     '1.1.7',
216 silly addNameRange     '1.1.8',
216 silly addNameRange     '1.1.9',
216 silly addNameRange     '1.1.10',
216 silly addNameRange     '1.1.11',
216 silly addNameRange     '1.1.12',
216 silly addNameRange     '1.1.13',
216 silly addNameRange     '1.1.14',
216 silly addNameRange     '1.1.15',
216 silly addNameRange     '1.1.16',
216 silly addNameRange     '1.1.17',
216 silly addNameRange     '1.1.18',
216 silly addNameRange     '1.1.19',
216 silly addNameRange     '1.1.20',
216 silly addNameRange     '1.1.21',
216 silly addNameRange     '1.1.22',
216 silly addNameRange     '1.1.23',
216 silly addNameRange     '1.1.24',
216 silly addNameRange     '1.1.25',
216 silly addNameRange     '1.2.0',
216 silly addNameRange     '1.3.0',
216 silly addNameRange     '1.3.1',
216 silly addNameRange     '1.3.2',
216 silly addNameRange     '1.3.3',
216 silly addNameRange     '1.3.4',
216 silly addNameRange     '1.3.5',
216 silly addNameRange     '1.3.6',
216 silly addNameRange     '1.3.7',
216 silly addNameRange     '1.4.0',
216 silly addNameRange     '1.5.0',
216 silly addNameRange     '1.6.0',
216 silly addNameRange     '1.7.2',
216 silly addNameRange     '1.7.3',
216 silly addNameRange     '1.7.4',
216 silly addNameRange     '1.8.0',
216 silly addNameRange     '1.8.1',
216 silly addNameRange     '1.8.2',
216 silly addNameRange     '1.8.3',
216 silly addNameRange     '1.8.4',
216 silly addNameRange     '2.0.0',
216 silly addNameRange     '2.0.1',
216 silly addNameRange     '2.0.2',
216 silly addNameRange     '2.0.3',
216 silly addNameRange     '2.0.4',
216 silly addNameRange     '2.1.0',
216 silly addNameRange     '2.1.1',
216 silly addNameRange     '2.1.2',
216 silly addNameRange     '2.1.3',
216 silly addNameRange     '2.1.4',
216 silly addNameRange     '2.2.0',
216 silly addNameRange     '2.2.1',
216 silly addNameRange     '2.2.2',
216 silly addNameRange     '2.2.3',
216 silly addNameRange     '2.2.4',
216 silly addNameRange     '2.3.0',
216 silly addNameRange     '2.3.1',
216 silly addNameRange     '2.3.2',
216 silly addNameRange     '2.3.3',
216 silly addNameRange     '2.3.4',
216 silly addNameRange     '2.3.5',
216 silly addNameRange     '2.3.6',
216 silly addNameRange     '2.3.7',
216 silly addNameRange     '2.3.8',
216 silly addNameRange     '2.3.9',
216 silly addNameRange     '2.3.10',
216 silly addNameRange     '2.3.11',
216 silly addNameRange     '2.3.12',
216 silly addNameRange     '2.3.13',
216 silly addNameRange     '2.4.0',
216 silly addNameRange     '2.4.1',
216 silly addNameRange     '2.4.2',
216 silly addNameRange     '2.4.3',
216 silly addNameRange     '2.4.4',
216 silly addNameRange     '2.4.5',
216 silly addNameRange     '2.4.6',
216 silly addNameRange     '2.4.7',
216 silly addNameRange     '2.4.8',
216 silly addNameRange     '2.4.9',
216 silly addNameRange     '2.4.10',
216 silly addNameRange     '2.5.0',
216 silly addNameRange     '2.5.1',
216 silly addNameRange     '2.5.2',
216 silly addNameRange     '2.5.3',
216 silly addNameRange     '2.5.4',
216 silly addNameRange     '2.5.5',
216 silly addNameRange     '2.5.6',
216 silly addNameRange     '2.5.7',
216 silly addNameRange     '2.5.8',
216 silly addNameRange     '2.5.9',
216 silly addNameRange     '2.5.10',
216 silly addNameRange     '2.5.11',
216 silly addNameRange     '2.5.12',
216 silly addNameRange     '2.5.13',
216 silly addNameRange     '2.5.14',
216 silly addNameRange     '2.6.0',
216 silly addNameRange     '2.6.1',
216 silly addNameRange     '2.6.2',
216 silly addNameRange     '2.6.3',
216 silly addNameRange     '2.6.4',
216 silly addNameRange     '2.6.5',
216 silly addNameRange     '2.6.6',
216 silly addNameRange     '2.6.7',
216 silly addNameRange     '2.6.8',
216 silly addNameRange     '2.7.0',
216 silly addNameRange     '2.7.1',
216 silly addNameRange     '2.7.2',
216 silly addNameRange     '2.7.4',
216 silly addNameRange     '2.7.3',
216 silly addNameRange     '3.0.0',
216 silly addNameRange     '3.0.1',
216 silly addNameRange     '3.0.2',
216 silly addNameRange     '2.8.0',
216 silly addNameRange     '3.0.3',
216 silly addNameRange     '3.1.0',
216 silly addNameRange     '2.8.1',
216 silly addNameRange     '3.1.1',
216 silly addNameRange     '2.8.2',
216 silly addNameRange     '2.8.3',
216 silly addNameRange     '2.9.0',
216 silly addNameRange     '3.2.0',
216 silly addNameRange     '2.9.1',
216 silly addNameRange     '3.2.1',
216 silly addNameRange     '2.9.2',
216 silly addNameRange     '3.2.2',
216 silly addNameRange     '3.3.0',
216 silly addNameRange     '3.3.1',
216 silly addNameRange     '2.9.3',
216 silly addNameRange     '3.4.0',
216 silly addNameRange     '2.9.4',
216 silly addNameRange     '2.9.5',
216 silly addNameRange     '3.5.0',
216 silly addNameRange     '3.5.1',
216 silly addNameRange     '3.5.2',
216 silly addNameRange     '3.5.3',
216 silly addNameRange     '2.9.6',
216 silly addNameRange     '2.9.7',
216 silly addNameRange     '3.5.4',
216 silly addNameRange     '3.5.5',
216 silly addNameRange     '2.9.8',
216 silly addNameRange     '2.9.9',
216 silly addNameRange     '3.5.6',
216 silly addNameRange     '3.5.7',
216 silly addNameRange     '3.5.8',
216 silly addNameRange     '2.9.10',
216 silly addNameRange     '3.5.9',
216 silly addNameRange     '3.6.2',
216 silly addNameRange     '3.5.10',
216 silly addNameRange     '3.6.3',
216 silly addNameRange     '3.5.11',
216 silly addNameRange     '3.6.4',
216 silly addNameRange     '3.6.5',
216 silly addNameRange     '3.6.6',
216 silly addNameRange     '3.6.7',
216 silly addNameRange     '3.5.12',
216 silly addNameRange     '3.6.8',
216 silly addNameRange     '3.6.9',
216 silly addNameRange     '3.6.10',
216 silly addNameRange     '3.5.13',
216 silly addNameRange     '3.5.14',
216 silly addNameRange     '3.6.11',
216 silly addNameRange     '3.6.12',
216 silly addNameRange     '3.6.13',
216 silly addNameRange     '3.6.14',
216 silly addNameRange     '3.6.15',
216 silly addNameRange     '3.5.15',
216 silly addNameRange     '3.7.0',
216 silly addNameRange     '3.6.16',
216 silly addNameRange     '3.5.16',
216 silly addNameRange     '3.6.17',
216 silly addNameRange     '3.7.2',
216 silly addNameRange     '3.0.0-alpha1',
216 silly addNameRange     '3.0.0-alpha2',
216 silly addNameRange     '3.0.0-rc0',
216 silly addNameRange     '3.6.0-rc0',
216 silly addNameRange     '3.6.0-rc1',
216 silly addNameRange     '3.6.18',
216 silly addNameRange     '3.7.3',
216 silly addNameRange     '3.6.19',
216 silly addNameRange     '3.6.20',
216 silly addNameRange     '3.7.4',
216 silly addNameRange     '3.8.0',
216 silly addNameRange     '3.8.1',
216 silly addNameRange     '3.8.2',
216 silly addNameRange     '3.8.3',
216 silly addNameRange     '3.8.4',
216 silly addNameRange     '3.8.5',
216 silly addNameRange     '3.8.6',
216 silly addNameRange     '3.8.7',
216 silly addNameRange     '3.8.8',
216 silly addNameRange     '3.8.9',
216 silly addNameRange     '3.8.10',
216 silly addNameRange     '3.8.11',
216 silly addNameRange     '3.9.0',
216 silly addNameRange     '3.8.12',
216 silly addNameRange     '3.8.13',
216 silly addNameRange     '3.8.14',
216 silly addNameRange     '3.8.15',
216 silly addNameRange     '3.9.1',
216 silly addNameRange     '3.8.16',
216 silly addNameRange     '3.9.2',
216 silly addNameRange     '3.8.17',
216 silly addNameRange     '3.9.3',
216 silly addNameRange     '3.8.18',
216 silly addNameRange     '3.9.4',
216 silly addNameRange     '3.8.19',
216 silly addNameRange     '3.9.5',
216 silly addNameRange     '3.8.20',
216 silly addNameRange     '3.9.6',
216 silly addNameRange     '3.8.21',
216 silly addNameRange     '3.9.7' ] ]
217 verbose addNamed [ 'mongoose', '3.8.21' ]
218 verbose addNamed [ '3.8.21', '3.8.21' ]
219 silly lockFile e1560adf-mongoose-3-8-21 mongoose@3.8.21
220 verbose lock mongoose@3.8.21 /home/homeuser/.npm/e1560adf-mongoose-3-8-21.lock
221 silly lockFile 37d7c450-ejs-0-8-8 ejs@0.8.8
222 silly lockFile 37d7c450-ejs-0-8-8 ejs@0.8.8
223 silly lockFile 095bd820-debug-2-0-0 debug@2.0.0
224 silly lockFile 095bd820-debug-2-0-0 debug@2.0.0
225 silly lockFile 05610aaa-ejs-0-8-5 ejs@~0.8.5
226 silly lockFile 05610aaa-ejs-0-8-5 ejs@~0.8.5
227 silly lockFile 12b6356d-debug-2-0-0 debug@~2.0.0
228 silly lockFile 12b6356d-debug-2-0-0 debug@~2.0.0
229 silly addNameRange number 2 { name: 'serve-favicon',
229 silly addNameRange   range: '>=2.1.3-0 <2.2.0-0',
229 silly addNameRange   hasData: true }
230 silly addNameRange versions [ 'serve-favicon',
230 silly addNameRange   [ '2.0.0',
230 silly addNameRange     '2.0.1',
230 silly addNameRange     '2.1.0',
230 silly addNameRange     '2.1.1',
230 silly addNameRange     '2.1.2',
230 silly addNameRange     '2.1.3',
230 silly addNameRange     '2.1.4',
230 silly addNameRange     '2.1.5',
230 silly addNameRange     '2.1.6',
230 silly addNameRange     '2.1.7',
230 silly addNameRange     '2.2.0' ] ]
231 verbose addNamed [ 'serve-favicon', '2.1.7' ]
232 verbose addNamed [ '2.1.7', '2.1.7' ]
233 silly lockFile 041e16ae-serve-favicon-2-1-7 serve-favicon@2.1.7
234 verbose lock serve-favicon@2.1.7 /home/homeuser/.npm/041e16ae-serve-favicon-2-1-7.lock
235 silly lockFile d023ae9a-express-4-0-1 express@4.0.1
236 silly lockFile d023ae9a-express-4-0-1 express@4.0.1
237 silly lockFile 96df7170-body-parser-1-9-3 body-parser@1.9.3
238 silly lockFile 96df7170-body-parser-1-9-3 body-parser@1.9.3
239 silly lockFile 68450bd4-cookie-parser-1-3-3 cookie-parser@1.3.3
240 silly lockFile 68450bd4-cookie-parser-1-3-3 cookie-parser@1.3.3
241 silly lockFile 5d9e37bd-body-parser-1-9-2 body-parser@~1.9.2
242 silly lockFile 5d9e37bd-body-parser-1-9-2 body-parser@~1.9.2
243 silly lockFile bf5babd8-cookie-parser-1-3-3 cookie-parser@~1.3.3
244 silly lockFile bf5babd8-cookie-parser-1-3-3 cookie-parser@~1.3.3
245 silly lockFile 7e2b41c6-morgan-1-3-2 morgan@1.3.2
246 silly lockFile 7e2b41c6-morgan-1-3-2 morgan@1.3.2
247 silly lockFile e1560adf-mongoose-3-8-21 mongoose@3.8.21
248 silly lockFile e1560adf-mongoose-3-8-21 mongoose@3.8.21
249 silly lockFile a4a9bdf4-morgan-1-3-0 morgan@~1.3.0
250 silly lockFile a4a9bdf4-morgan-1-3-0 morgan@~1.3.0
251 silly lockFile a22a5dcf-mongoose-3-8-18 mongoose@^3.8.18
252 silly lockFile a22a5dcf-mongoose-3-8-18 mongoose@^3.8.18
253 silly lockFile 041e16ae-serve-favicon-2-1-7 serve-favicon@2.1.7
254 silly lockFile 041e16ae-serve-favicon-2-1-7 serve-favicon@2.1.7
255 silly lockFile 38295489-serve-favicon-2-1-3 serve-favicon@~2.1.3
256 silly lockFile 38295489-serve-favicon-2-1-3 serve-favicon@~2.1.3
257 error Error: version not found: express@4.0.1
257 error     at /usr/lib/node_modules/npm/lib/cache/add-named.js:125:12
257 error     at saved (/usr/lib/node_modules/npm/node_modules/npm-registry-client/lib/get.js:167:7)
257 error     at Object.oncomplete (fs.js:107:15)
258 error If you need help, you may report this *entire* log,
258 error including the npm and node versions, at:
258 error     <http://github.com/npm/npm/issues>
259 error System Linux 3.11.0-26-generic
260 error command "/usr/bin/node" "/usr/bin/npm" "install"
261 error cwd /home/homeuser/JobRecommendation
262 error node -v v0.10.33
263 error npm -v 1.4.28
264 verbose exit [ 1, true ]
